{"C:\\Users\\hp\\Desktop\\redux-shopping-cart\\src\\App.tsx": {"path":"C:\\Users\\hp\\Desktop\\redux-shopping-cart\\src\\App.tsx","statementMap":{"0":{"start":{"line":9,"column":2},"end":{"line":36,"column":4}},"1":{"start":{"line":42,"column":2},"end":{"line":50,"column":4}}},"fnMap":{"0":{"name":"App","decl":{"start":{"line":8,"column":9},"end":{"line":8,"column":12}},"loc":{"start":{"line":8,"column":15},"end":{"line":37,"column":1}},"line":8},"1":{"name":"Home","decl":{"start":{"line":41,"column":9},"end":{"line":41,"column":13}},"loc":{"start":{"line":41,"column":16},"end":{"line":51,"column":1}},"line":41}},"branchMap":{},"s":{"0":0,"1":0},"f":{"0":0,"1":0},"b":{}}
,"C:\\Users\\hp\\Desktop\\redux-shopping-cart\\src\\main.tsx": {"path":"C:\\Users\\hp\\Desktop\\redux-shopping-cart\\src\\main.tsx","statementMap":{"0":{"start":{"line":8,"column":0},"end":{"line":15,"column":2}}},"fnMap":{},"branchMap":{},"s":{"0":0},"f":{},"b":{}}
,"C:\\Users\\hp\\Desktop\\redux-shopping-cart\\src\\app\\api.ts": {"path":"C:\\Users\\hp\\Desktop\\redux-shopping-cart\\src\\app\\api.ts","statementMap":{"0":{"start":{"line":12,"column":18},"end":{"line":12,"column":47}},"1":{"start":{"line":13,"column":19},"end":{"line":13,"column":33}},"2":{"start":{"line":14,"column":2},"end":{"line":14,"column":18}},"3":{"start":{"line":21,"column":19},"end":{"line":21,"column":70}},"4":{"start":{"line":22,"column":14},"end":{"line":22,"column":42}},"5":{"start":{"line":23,"column":2},"end":{"line":23,"column":19}},"6":{"start":{"line":24,"column":19},"end":{"line":27,"column":4}},"7":{"start":{"line":28,"column":15},"end":{"line":28,"column":36}},"8":{"start":{"line":29,"column":2},"end":{"line":31,"column":3}},"9":{"start":{"line":30,"column":4},"end":{"line":30,"column":32}},"10":{"start":{"line":32,"column":2},"end":{"line":32,"column":34}},"11":{"start":{"line":36,"column":14},"end":{"line":37,"column":45}},"12":{"start":{"line":37,"column":2},"end":{"line":37,"column":45}},"13":{"start":{"line":37,"column":23},"end":{"line":37,"column":44}}},"fnMap":{"0":{"name":"getProducts","decl":{"start":{"line":11,"column":22},"end":{"line":11,"column":33}},"loc":{"start":{"line":11,"column":56},"end":{"line":15,"column":1}},"line":11},"1":{"name":"checkout","decl":{"start":{"line":20,"column":22},"end":{"line":20,"column":30}},"loc":{"start":{"line":20,"column":76},"end":{"line":33,"column":1}},"line":20},"2":{"name":"(anonymous_2)","decl":{"start":{"line":36,"column":14},"end":{"line":36,"column":15}},"loc":{"start":{"line":37,"column":2},"end":{"line":37,"column":45}},"line":37},"3":{"name":"(anonymous_3)","decl":{"start":{"line":37,"column":14},"end":{"line":37,"column":15}},"loc":{"start":{"line":37,"column":23},"end":{"line":37,"column":44}},"line":37}},"branchMap":{"0":{"loc":{"start":{"line":21,"column":19},"end":{"line":21,"column":70}},"type":"cond-expr","locations":[{"start":{"line":21,"column":51},"end":{"line":21,"column":60}},{"start":{"line":21,"column":63},"end":{"line":21,"column":70}}],"line":21},"1":{"loc":{"start":{"line":29,"column":2},"end":{"line":31,"column":3}},"type":"if","locations":[{"start":{"line":29,"column":2},"end":{"line":31,"column":3}},{"start":{},"end":{}}],"line":29}},"s":{"0":0,"1":0,"2":0,"3":0,"4":0,"5":0,"6":0,"7":0,"8":0,"9":0,"10":0,"11":0,"12":0,"13":0},"f":{"0":0,"1":0,"2":0,"3":0},"b":{"0":[0,0],"1":[0,0]}}
,"C:\\Users\\hp\\Desktop\\redux-shopping-cart\\src\\app\\hooks.ts": {"path":"C:\\Users\\hp\\Desktop\\redux-shopping-cart\\src\\app\\hooks.ts","statementMap":{"0":{"start":{"line":5,"column":30},"end":{"line":5,"column":62}},"1":{"start":{"line":5,"column":36},"end":{"line":5,"column":62}},"2":{"start":{"line":6,"column":63},"end":{"line":6,"column":74}}},"fnMap":{"0":{"name":"(anonymous_0)","decl":{"start":{"line":5,"column":30},"end":{"line":5,"column":31}},"loc":{"start":{"line":5,"column":36},"end":{"line":5,"column":62}},"line":5}},"branchMap":{},"s":{"0":0,"1":0,"2":0},"f":{"0":0},"b":{}}
,"C:\\Users\\hp\\Desktop\\redux-shopping-cart\\src\\app\\store.ts": {"path":"C:\\Users\\hp\\Desktop\\redux-shopping-cart\\src\\app\\store.ts","statementMap":{"0":{"start":{"line":5,"column":21},"end":{"line":10,"column":2}}},"fnMap":{},"branchMap":{},"s":{"0":0},"f":{},"b":{}}
,"C:\\Users\\hp\\Desktop\\redux-shopping-cart\\src\\features\\cart\\Cart.tsx": {"path":"C:\\Users\\hp\\Desktop\\redux-shopping-cart\\src\\features\\cart\\Cart.tsx","statementMap":{"0":{"start":{"line":13,"column":19},"end":{"line":13,"column":35}},"1":{"start":{"line":14,"column":19},"end":{"line":14,"column":69}},"2":{"start":{"line":14,"column":45},"end":{"line":14,"column":68}},"3":{"start":{"line":15,"column":16},"end":{"line":15,"column":59}},"4":{"start":{"line":15,"column":42},"end":{"line":15,"column":58}},"5":{"start":{"line":16,"column":21},"end":{"line":16,"column":50}},"6":{"start":{"line":17,"column":24},"end":{"line":17,"column":75}},"7":{"start":{"line":17,"column":50},"end":{"line":17,"column":74}},"8":{"start":{"line":18,"column":23},"end":{"line":18,"column":73}},"9":{"start":{"line":18,"column":49},"end":{"line":18,"column":72}},"10":{"start":{"line":19,"column":23},"end":{"line":23,"column":4}},"11":{"start":{"line":24,"column":27},"end":{"line":30,"column":3}},"12":{"start":{"line":28,"column":21},"end":{"line":28,"column":48}},"13":{"start":{"line":29,"column":4},"end":{"line":29,"column":47}},"14":{"start":{"line":31,"column":21},"end":{"line":34,"column":3}},"15":{"start":{"line":32,"column":4},"end":{"line":32,"column":23}},"16":{"start":{"line":33,"column":4},"end":{"line":33,"column":29}},"17":{"start":{"line":35,"column":2},"end":{"line":89,"column":4}},"18":{"start":{"line":49,"column":12},"end":{"line":68,"column":17}},"19":{"start":{"line":56,"column":33},"end":{"line":56,"column":56}},"20":{"start":{"line":63,"column":33},"end":{"line":63,"column":61}}},"fnMap":{"0":{"name":"Cart","decl":{"start":{"line":12,"column":16},"end":{"line":12,"column":20}},"loc":{"start":{"line":12,"column":23},"end":{"line":90,"column":1}},"line":12},"1":{"name":"(anonymous_1)","decl":{"start":{"line":14,"column":34},"end":{"line":14,"column":35}},"loc":{"start":{"line":14,"column":45},"end":{"line":14,"column":68}},"line":14},"2":{"name":"(anonymous_2)","decl":{"start":{"line":15,"column":31},"end":{"line":15,"column":32}},"loc":{"start":{"line":15,"column":42},"end":{"line":15,"column":58}},"line":15},"3":{"name":"(anonymous_3)","decl":{"start":{"line":17,"column":39},"end":{"line":17,"column":40}},"loc":{"start":{"line":17,"column":50},"end":{"line":17,"column":74}},"line":17},"4":{"name":"(anonymous_4)","decl":{"start":{"line":18,"column":38},"end":{"line":18,"column":39}},"loc":{"start":{"line":18,"column":49},"end":{"line":18,"column":72}},"line":18},"5":{"name":"(anonymous_5)","decl":{"start":{"line":24,"column":27},"end":{"line":24,"column":28}},"loc":{"start":{"line":27,"column":7},"end":{"line":30,"column":3}},"line":27},"6":{"name":"(anonymous_6)","decl":{"start":{"line":31,"column":21},"end":{"line":31,"column":22}},"loc":{"start":{"line":31,"column":62},"end":{"line":34,"column":3}},"line":31},"7":{"name":"(anonymous_7)","decl":{"start":{"line":48,"column":37},"end":{"line":48,"column":38}},"loc":{"start":{"line":49,"column":12},"end":{"line":68,"column":17}},"line":49},"8":{"name":"(anonymous_8)","decl":{"start":{"line":56,"column":26},"end":{"line":56,"column":27}},"loc":{"start":{"line":56,"column":33},"end":{"line":56,"column":56}},"line":56},"9":{"name":"(anonymous_9)","decl":{"start":{"line":63,"column":27},"end":{"line":63,"column":28}},"loc":{"start":{"line":63,"column":33},"end":{"line":63,"column":61}},"line":63}},"branchMap":{"0":{"loc":{"start":{"line":28,"column":21},"end":{"line":28,"column":48}},"type":"binary-expr","locations":[{"start":{"line":28,"column":21},"end":{"line":28,"column":43}},{"start":{"line":28,"column":47},"end":{"line":28,"column":48}}],"line":28},"1":{"loc":{"start":{"line":81,"column":9},"end":{"line":83,"column":16}},"type":"cond-expr","locations":[{"start":{"line":82,"column":10},"end":{"line":82,"column":59}},{"start":{"line":83,"column":12},"end":{"line":83,"column":16}}],"line":81},"2":{"loc":{"start":{"line":81,"column":9},"end":{"line":81,"column":50}},"type":"binary-expr","locations":[{"start":{"line":81,"column":9},"end":{"line":81,"column":34}},{"start":{"line":81,"column":38},"end":{"line":81,"column":50}}],"line":81}},"s":{"0":0,"1":0,"2":0,"3":0,"4":0,"5":0,"6":0,"7":0,"8":0,"9":0,"10":0,"11":0,"12":0,"13":0,"14":0,"15":0,"16":0,"17":0,"18":0,"19":0,"20":0},"f":{"0":0,"1":0,"2":0,"3":0,"4":0,"5":0,"6":0,"7":0,"8":0,"9":0},"b":{"0":[0,0],"1":[0,0],"2":[0,0]}}
,"C:\\Users\\hp\\Desktop\\redux-shopping-cart\\src\\features\\cart\\CartLink.tsx": {"path":"C:\\Users\\hp\\Desktop\\redux-shopping-cart\\src\\features\\cart\\CartLink.tsx","statementMap":{"0":{"start":{"line":8,"column":19},"end":{"line":8,"column":51}},"1":{"start":{"line":9,"column":2},"end":{"line":15,"column":4}}},"fnMap":{"0":{"name":"CartLink","decl":{"start":{"line":7,"column":16},"end":{"line":7,"column":24}},"loc":{"start":{"line":7,"column":27},"end":{"line":16,"column":1}},"line":7}},"branchMap":{"0":{"loc":{"start":{"line":12,"column":23},"end":{"line":12,"column":51}},"type":"cond-expr","locations":[{"start":{"line":12,"column":34},"end":{"line":12,"column":42}},{"start":{"line":12,"column":45},"end":{"line":12,"column":51}}],"line":12}},"s":{"0":0,"1":0},"f":{"0":0},"b":{"0":[0,0]}}
,"C:\\Users\\hp\\Desktop\\redux-shopping-cart\\src\\features\\cart\\cartSlice.ts": {"path":"C:\\Users\\hp\\Desktop\\redux-shopping-cart\\src\\features\\cart\\cartSlice.ts","statementMap":{"0":{"start":{"line":17,"column":32},"end":{"line":21,"column":1}},"1":{"start":{"line":22,"column":28},"end":{"line":28,"column":1}},"2":{"start":{"line":25,"column":18},"end":{"line":25,"column":50}},"3":{"start":{"line":26,"column":18},"end":{"line":26,"column":34}},"4":{"start":{"line":30,"column":18},"end":{"line":66,"column":2}},"5":{"start":{"line":35,"column":17},"end":{"line":35,"column":31}},"6":{"start":{"line":36,"column":6},"end":{"line":40,"column":7}},"7":{"start":{"line":37,"column":8},"end":{"line":37,"column":26}},"8":{"start":{"line":39,"column":8},"end":{"line":39,"column":28}},"9":{"start":{"line":43,"column":6},"end":{"line":43,"column":41}},"10":{"start":{"line":49,"column":31},"end":{"line":49,"column":45}},"11":{"start":{"line":50,"column":6},"end":{"line":50,"column":33}},"12":{"start":{"line":54,"column":4},"end":{"line":56,"column":7}},"13":{"start":{"line":55,"column":6},"end":{"line":55,"column":38}},"14":{"start":{"line":57,"column":4},"end":{"line":60,"column":7}},"15":{"start":{"line":58,"column":6},"end":{"line":58,"column":36}},"16":{"start":{"line":59,"column":6},"end":{"line":59,"column":23}},"17":{"start":{"line":61,"column":4},"end":{"line":64,"column":7}},"18":{"start":{"line":62,"column":6},"end":{"line":62,"column":36}},"19":{"start":{"line":63,"column":6},"end":{"line":63,"column":54}},"20":{"start":{"line":68,"column":61},"end":{"line":68,"column":78}},"21":{"start":{"line":69,"column":32},"end":{"line":79,"column":1}},"22":{"start":{"line":70,"column":24},"end":{"line":70,"column":40}},"23":{"start":{"line":72,"column":4},"end":{"line":72,"column":33}},"24":{"start":{"line":73,"column":19},"end":{"line":73,"column":20}},"25":{"start":{"line":74,"column":4},"end":{"line":76,"column":5}},"26":{"start":{"line":75,"column":6},"end":{"line":75,"column":28}},"27":{"start":{"line":77,"column":4},"end":{"line":77,"column":20}},"28":{"start":{"line":80,"column":29},"end":{"line":90,"column":1}},"29":{"start":{"line":81,"column":24},"end":{"line":81,"column":40}},"30":{"start":{"line":82,"column":24},"end":{"line":82,"column":47}},"31":{"start":{"line":84,"column":16},"end":{"line":84,"column":17}},"32":{"start":{"line":85,"column":4},"end":{"line":87,"column":5}},"33":{"start":{"line":86,"column":6},"end":{"line":86,"column":46}},"34":{"start":{"line":88,"column":4},"end":{"line":88,"column":28}}},"fnMap":{"0":{"name":"(anonymous_0)","decl":{"start":{"line":24,"column":2},"end":{"line":24,"column":3}},"loc":{"start":{"line":24,"column":25},"end":{"line":27,"column":3}},"line":24},"1":{"name":"(anonymous_1)","decl":{"start":{"line":34,"column":4},"end":{"line":34,"column":5}},"loc":{"start":{"line":34,"column":52},"end":{"line":41,"column":5}},"line":34},"2":{"name":"(anonymous_2)","decl":{"start":{"line":42,"column":4},"end":{"line":42,"column":5}},"loc":{"start":{"line":42,"column":57},"end":{"line":44,"column":5}},"line":42},"3":{"name":"(anonymous_3)","decl":{"start":{"line":45,"column":4},"end":{"line":45,"column":5}},"loc":{"start":{"line":48,"column":6},"end":{"line":51,"column":5}},"line":48},"4":{"name":"(anonymous_4)","decl":{"start":{"line":53,"column":17},"end":{"line":53,"column":18}},"loc":{"start":{"line":53,"column":36},"end":{"line":65,"column":3}},"line":53},"5":{"name":"(anonymous_5)","decl":{"start":{"line":54,"column":42},"end":{"line":54,"column":43}},"loc":{"start":{"line":54,"column":53},"end":{"line":56,"column":5}},"line":54},"6":{"name":"(anonymous_6)","decl":{"start":{"line":57,"column":44},"end":{"line":57,"column":45}},"loc":{"start":{"line":57,"column":63},"end":{"line":60,"column":5}},"line":57},"7":{"name":"(anonymous_7)","decl":{"start":{"line":61,"column":43},"end":{"line":61,"column":44}},"loc":{"start":{"line":61,"column":62},"end":{"line":64,"column":5}},"line":61},"8":{"name":"(anonymous_8)","decl":{"start":{"line":70,"column":2},"end":{"line":70,"column":3}},"loc":{"start":{"line":70,"column":24},"end":{"line":70,"column":40}},"line":70},"9":{"name":"(anonymous_9)","decl":{"start":{"line":71,"column":2},"end":{"line":71,"column":3}},"loc":{"start":{"line":71,"column":13},"end":{"line":78,"column":3}},"line":71},"10":{"name":"(anonymous_10)","decl":{"start":{"line":81,"column":2},"end":{"line":81,"column":3}},"loc":{"start":{"line":81,"column":24},"end":{"line":81,"column":40}},"line":81},"11":{"name":"(anonymous_11)","decl":{"start":{"line":82,"column":2},"end":{"line":82,"column":3}},"loc":{"start":{"line":82,"column":24},"end":{"line":82,"column":47}},"line":82},"12":{"name":"(anonymous_12)","decl":{"start":{"line":83,"column":2},"end":{"line":83,"column":3}},"loc":{"start":{"line":83,"column":23},"end":{"line":89,"column":3}},"line":83}},"branchMap":{"0":{"loc":{"start":{"line":36,"column":6},"end":{"line":40,"column":7}},"type":"if","locations":[{"start":{"line":36,"column":6},"end":{"line":40,"column":7}},{"start":{"line":38,"column":13},"end":{"line":40,"column":7}}],"line":36},"1":{"loc":{"start":{"line":63,"column":27},"end":{"line":63,"column":53}},"type":"binary-expr","locations":[{"start":{"line":63,"column":27},"end":{"line":63,"column":47}},{"start":{"line":63,"column":51},"end":{"line":63,"column":53}}],"line":63}},"s":{"0":0,"1":0,"2":0,"3":0,"4":0,"5":0,"6":0,"7":0,"8":0,"9":0,"10":0,"11":0,"12":0,"13":0,"14":0,"15":0,"16":0,"17":0,"18":0,"19":0,"20":0,"21":0,"22":0,"23":0,"24":0,"25":0,"26":0,"27":0,"28":0,"29":0,"30":0,"31":0,"32":0,"33":0,"34":0},"f":{"0":0,"1":0,"2":0,"3":0,"4":0,"5":0,"6":0,"7":0,"8":0,"9":0,"10":0,"11":0,"12":0},"b":{"0":[0,0],"1":[0,0]}}
,"C:\\Users\\hp\\Desktop\\redux-shopping-cart\\src\\features\\products\\Products.tsx": {"path":"C:\\Users\\hp\\Desktop\\redux-shopping-cart\\src\\features\\products\\Products.tsx","statementMap":{"0":{"start":{"line":9,"column":19},"end":{"line":9,"column":35}},"1":{"start":{"line":10,"column":2},"end":{"line":14,"column":9}},"2":{"start":{"line":11,"column":4},"end":{"line":13,"column":7}},"3":{"start":{"line":12,"column":6},"end":{"line":12,"column":38}},"4":{"start":{"line":15,"column":19},"end":{"line":15,"column":69}},"5":{"start":{"line":15,"column":45},"end":{"line":15,"column":68}},"6":{"start":{"line":16,"column":2},"end":{"line":41,"column":4}},"7":{"start":{"line":20,"column":10},"end":{"line":37,"column":15}},"8":{"start":{"line":32,"column":39},"end":{"line":32,"column":70}}},"fnMap":{"0":{"name":"Products","decl":{"start":{"line":8,"column":16},"end":{"line":8,"column":24}},"loc":{"start":{"line":8,"column":27},"end":{"line":42,"column":1}},"line":8},"1":{"name":"(anonymous_1)","decl":{"start":{"line":10,"column":12},"end":{"line":10,"column":13}},"loc":{"start":{"line":10,"column":18},"end":{"line":14,"column":3}},"line":10},"2":{"name":"(anonymous_2)","decl":{"start":{"line":11,"column":23},"end":{"line":11,"column":24}},"loc":{"start":{"line":11,"column":37},"end":{"line":13,"column":5}},"line":11},"3":{"name":"(anonymous_3)","decl":{"start":{"line":15,"column":34},"end":{"line":15,"column":35}},"loc":{"start":{"line":15,"column":45},"end":{"line":15,"column":68}},"line":15},"4":{"name":"(anonymous_4)","decl":{"start":{"line":19,"column":37},"end":{"line":19,"column":38}},"loc":{"start":{"line":20,"column":10},"end":{"line":37,"column":15}},"line":20},"5":{"name":"(anonymous_5)","decl":{"start":{"line":32,"column":33},"end":{"line":32,"column":34}},"loc":{"start":{"line":32,"column":39},"end":{"line":32,"column":70}},"line":32}},"branchMap":{},"s":{"0":0,"1":0,"2":0,"3":0,"4":0,"5":0,"6":0,"7":0,"8":0},"f":{"0":0,"1":0,"2":0,"3":0,"4":0,"5":0},"b":{}}
,"C:\\Users\\hp\\Desktop\\redux-shopping-cart\\src\\features\\products\\productSlice.ts": {"path":"C:\\Users\\hp\\Desktop\\redux-shopping-cart\\src\\features\\products\\productSlice.ts","statementMap":{"0":{"start":{"line":7,"column":36},"end":{"line":9,"column":1}},"1":{"start":{"line":11,"column":21},"end":{"line":22,"column":2}},"2":{"start":{"line":16,"column":23},"end":{"line":16,"column":37}},"3":{"start":{"line":17,"column":6},"end":{"line":19,"column":9}},"4":{"start":{"line":18,"column":8},"end":{"line":18,"column":45}},"5":{"start":{"line":23,"column":31},"end":{"line":23,"column":51}}},"fnMap":{"0":{"name":"(anonymous_0)","decl":{"start":{"line":15,"column":4},"end":{"line":15,"column":5}},"loc":{"start":{"line":15,"column":57},"end":{"line":20,"column":5}},"line":15},"1":{"name":"(anonymous_1)","decl":{"start":{"line":17,"column":23},"end":{"line":17,"column":24}},"loc":{"start":{"line":17,"column":36},"end":{"line":19,"column":7}},"line":17}},"branchMap":{},"s":{"0":1,"1":1,"2":1,"3":1,"4":5,"5":1},"f":{"0":1,"1":5},"b":{},"_coverageSchema":"1a1c01bbd47fc00a2c39e90264f33305004495a9","hash":"47d67be1f87a321ea2e202b9a3e65c2c56b9df32"}
}
