TN:
SF:src\App.tsx
FN:8,App
FN:41,Home
FNF:2
FNH:0
FNDA:0,App
FNDA:0,Home
DA:9,0
DA:42,0
LF:2
LH:0
BRF:0
BRH:0
end_of_record
TN:
SF:src\main.tsx
FNF:0
FNH:0
DA:8,0
LF:1
LH:0
BRF:0
BRH:0
end_of_record
TN:
SF:src\app\api.ts
FN:11,getProducts
FN:20,checkout
FN:36,(anonymous_2)
FN:37,(anonymous_3)
FNF:4
FNH:0
FNDA:0,getProducts
FNDA:0,checkout
FNDA:0,(anonymous_2)
FNDA:0,(anonymous_3)
DA:12,0
DA:13,0
DA:14,0
DA:21,0
DA:22,0
DA:23,0
DA:24,0
DA:28,0
DA:29,0
DA:30,0
DA:32,0
DA:36,0
DA:37,0
LF:13
LH:0
BRDA:21,0,0,0
BRDA:21,0,1,0
BRDA:29,1,0,0
BRDA:29,1,1,0
BRF:4
BRH:0
end_of_record
TN:
SF:src\app\hooks.ts
FN:5,(anonymous_0)
FNF:1
FNH:0
FNDA:0,(anonymous_0)
DA:5,0
DA:6,0
LF:2
LH:0
BRF:0
BRH:0
end_of_record
TN:
SF:src\app\store.ts
FNF:0
FNH:0
DA:5,0
LF:1
LH:0
BRF:0
BRH:0
end_of_record
TN:
SF:src\features\cart\Cart.tsx
FN:12,Cart
FN:14,(anonymous_1)
FN:15,(anonymous_2)
FN:17,(anonymous_3)
FN:18,(anonymous_4)
FN:24,(anonymous_5)
FN:31,(anonymous_6)
FN:48,(anonymous_7)
FN:56,(anonymous_8)
FN:63,(anonymous_9)
FNF:10
FNH:0
FNDA:0,Cart
FNDA:0,(anonymous_1)
FNDA:0,(anonymous_2)
FNDA:0,(anonymous_3)
FNDA:0,(anonymous_4)
FNDA:0,(anonymous_5)
FNDA:0,(anonymous_6)
FNDA:0,(anonymous_7)
FNDA:0,(anonymous_8)
FNDA:0,(anonymous_9)
DA:13,0
DA:14,0
DA:15,0
DA:16,0
DA:17,0
DA:18,0
DA:19,0
DA:24,0
DA:28,0
DA:29,0
DA:31,0
DA:32,0
DA:33,0
DA:35,0
DA:49,0
DA:56,0
DA:63,0
LF:17
LH:0
BRDA:28,0,0,0
BRDA:28,0,1,0
BRDA:81,1,0,0
BRDA:81,1,1,0
BRDA:81,2,0,0
BRDA:81,2,1,0
BRF:6
BRH:0
end_of_record
TN:
SF:src\features\cart\CartLink.tsx
FN:7,CartLink
FNF:1
FNH:0
FNDA:0,CartLink
DA:8,0
DA:9,0
LF:2
LH:0
BRDA:12,0,0,0
BRDA:12,0,1,0
BRF:2
BRH:0
end_of_record
TN:
SF:src\features\cart\cartSlice.ts
FN:24,(anonymous_0)
FN:34,(anonymous_1)
FN:42,(anonymous_2)
FN:45,(anonymous_3)
FN:53,(anonymous_4)
FN:54,(anonymous_5)
FN:57,(anonymous_6)
FN:61,(anonymous_7)
FN:70,(anonymous_8)
FN:71,(anonymous_9)
FN:81,(anonymous_10)
FN:82,(anonymous_11)
FN:83,(anonymous_12)
FNF:13
FNH:0
FNDA:0,(anonymous_0)
FNDA:0,(anonymous_1)
FNDA:0,(anonymous_2)
FNDA:0,(anonymous_3)
FNDA:0,(anonymous_4)
FNDA:0,(anonymous_5)
FNDA:0,(anonymous_6)
FNDA:0,(anonymous_7)
FNDA:0,(anonymous_8)
FNDA:0,(anonymous_9)
FNDA:0,(anonymous_10)
FNDA:0,(anonymous_11)
FNDA:0,(anonymous_12)
DA:17,0
DA:22,0
DA:25,0
DA:26,0
DA:30,0
DA:35,0
DA:36,0
DA:37,0
DA:39,0
DA:43,0
DA:49,0
DA:50,0
DA:54,0
DA:55,0
DA:57,0
DA:58,0
DA:59,0
DA:61,0
DA:62,0
DA:63,0
DA:68,0
DA:69,0
DA:70,0
DA:72,0
DA:73,0
DA:74,0
DA:75,0
DA:77,0
DA:80,0
DA:81,0
DA:82,0
DA:84,0
DA:85,0
DA:86,0
DA:88,0
LF:35
LH:0
BRDA:36,0,0,0
BRDA:36,0,1,0
BRDA:63,1,0,0
BRDA:63,1,1,0
BRF:4
BRH:0
end_of_record
TN:
SF:src\features\products\Products.tsx
FN:8,Products
FN:10,(anonymous_1)
FN:11,(anonymous_2)
FN:15,(anonymous_3)
FN:19,(anonymous_4)
FN:32,(anonymous_5)
FNF:6
FNH:0
FNDA:0,Products
FNDA:0,(anonymous_1)
FNDA:0,(anonymous_2)
FNDA:0,(anonymous_3)
FNDA:0,(anonymous_4)
FNDA:0,(anonymous_5)
DA:9,0
DA:10,0
DA:11,0
DA:12,0
DA:15,0
DA:16,0
DA:20,0
DA:32,0
LF:8
LH:0
BRF:0
BRH:0
end_of_record
TN:
SF:src\features\products\productSlice.ts
FN:15,(anonymous_0)
FN:17,(anonymous_1)
FNF:2
FNH:2
FNDA:1,(anonymous_0)
FNDA:5,(anonymous_1)
DA:7,1
DA:11,1
DA:16,1
DA:17,1
DA:18,5
DA:23,1
LF:6
LH:6
BRF:0
BRH:0
end_of_record
